This is pdfTeX, Version 3.14159265-2.6-1.40.16 (TeX Live 2015) (preloaded format=pdflatex 2015.5.24)  26 MAY 2017 16:32
entering extended mode
 restricted \write18 enabled.
 file:line:error style messages enabled.
 %&-line parsing enabled.
**"IROS17 Magnetic Hammer.tex"
(./IROS17 Magnetic Hammer.tex
LaTeX2e <2015/01/01>
Babel <3.9l> and hyphenation patterns for 79 languages loaded.
(./ieeeconf.cls
Document Class: ieeeconf 2016/4/23 revision V1.6b by Pradeep Misra
\@IEEEtrantmpdimenA=\dimen102
\@IEEEtrantmpdimenB=\dimen103
\@IEEEtrantmpcountA=\count79
\@IEEEtrantmpcountB=\count80
\@IEEEtrantmptoksA=\toks14
LaTeX Font Info:    Try loading font information for OT1+ptm on input line 794.

(/usr/local/texlive/2015/texmf-dist/tex/latex/psnfss/ot1ptm.fd
File: ot1ptm.fd 2001/06/04 font definitions for OT1/ptm.
)
\@IEEEnormalsizefontbaselineskip=\skip41

-- This is a 10 point document.
\normalsizebaselineskip=\skip42
\normaljot=\skip43
LaTeX Font Info:    Font shape `OT1/ptm/bx/n' in size <5> not available
(Font)              Font shape `OT1/ptm/b/n' tried instead on input line 1113.
LaTeX Font Info:    Font shape `OT1/ptm/bx/it' in size <5> not available
(Font)              Font shape `OT1/ptm/b/it' tried instead on input line 1113.

LaTeX Font Info:    Font shape `OT1/ptm/bx/n' in size <7> not available
(Font)              Font shape `OT1/ptm/b/n' tried instead on input line 1113.
LaTeX Font Info:    Font shape `OT1/ptm/bx/it' in size <7> not available
(Font)              Font shape `OT1/ptm/b/it' tried instead on input line 1113.

LaTeX Font Info:    Font shape `OT1/ptm/bx/n' in size <8> not available
(Font)              Font shape `OT1/ptm/b/n' tried instead on input line 1113.
LaTeX Font Info:    Font shape `OT1/ptm/bx/it' in size <8> not available
(Font)              Font shape `OT1/ptm/b/it' tried instead on input line 1113.

LaTeX Font Info:    Font shape `OT1/ptm/bx/n' in size <9> not available
(Font)              Font shape `OT1/ptm/b/n' tried instead on input line 1113.
LaTeX Font Info:    Font shape `OT1/ptm/bx/it' in size <9> not available
(Font)              Font shape `OT1/ptm/b/it' tried instead on input line 1113.

LaTeX Font Info:    Font shape `OT1/ptm/bx/n' in size <10> not available
(Font)              Font shape `OT1/ptm/b/n' tried instead on input line 1113.
LaTeX Font Info:    Font shape `OT1/ptm/bx/it' in size <10> not available
(Font)              Font shape `OT1/ptm/b/it' tried instead on input line 1113.

LaTeX Font Info:    Font shape `OT1/ptm/bx/n' in size <11> not available
(Font)              Font shape `OT1/ptm/b/n' tried instead on input line 1113.
LaTeX Font Info:    Font shape `OT1/ptm/bx/it' in size <11> not available
(Font)              Font shape `OT1/ptm/b/it' tried instead on input line 1113.

LaTeX Font Info:    Font shape `OT1/ptm/bx/n' in size <12> not available
(Font)              Font shape `OT1/ptm/b/n' tried instead on input line 1113.
LaTeX Font Info:    Font shape `OT1/ptm/bx/it' in size <12> not available
(Font)              Font shape `OT1/ptm/b/it' tried instead on input line 1113.

LaTeX Font Info:    Font shape `OT1/ptm/bx/n' in size <16> not available
(Font)              Font shape `OT1/ptm/b/n' tried instead on input line 1113.
LaTeX Font Info:    Font shape `OT1/ptm/bx/it' in size <16> not available
(Font)              Font shape `OT1/ptm/b/it' tried instead on input line 1113.

LaTeX Font Info:    Font shape `OT1/ptm/bx/n' in size <20> not available
(Font)              Font shape `OT1/ptm/b/n' tried instead on input line 1113.
LaTeX Font Info:    Font shape `OT1/ptm/bx/it' in size <20> not available
(Font)              Font shape `OT1/ptm/b/it' tried instead on input line 1113.

LaTeX Font Info:    Font shape `OT1/ptm/bx/n' in size <24> not available
(Font)              Font shape `OT1/ptm/b/n' tried instead on input line 1113.
LaTeX Font Info:    Font shape `OT1/ptm/bx/it' in size <24> not available
(Font)              Font shape `OT1/ptm/b/it' tried instead on input line 1113.

\IEEEilabelindentA=\dimen104
\IEEEilabelindentB=\dimen105
\IEEEilabelindent=\dimen106
\IEEEelabelindent=\dimen107
\IEEEdlabelindent=\dimen108
\labelindent=\dimen109
\IEEEiednormlabelsep=\dimen110
\IEEEiedmathlabelsep=\dimen111
\IEEEiedtopsep=\skip44
\c@section=\count81
\c@subsection=\count82
\c@subsubsection=\count83
\c@paragraph=\count84
\c@IEEEsubequation=\count85
\abovecaptionskip=\skip45
\belowcaptionskip=\skip46
\c@figure=\count86
\c@table=\count87
\@IEEEeqnnumcols=\count88
\@IEEEeqncolcnt=\count89
\@IEEEtmpitemindent=\dimen112
\c@biography=\count90
\@IEEEtranrubishbin=\box26
) (/usr/local/texlive/2015/texmf-dist/tex/latex/graphics/graphicx.sty
Package: graphicx 2014/10/28 v1.0g Enhanced LaTeX Graphics (DPC,SPQR)

(/usr/local/texlive/2015/texmf-dist/tex/latex/graphics/keyval.sty
Package: keyval 2014/10/28 v1.15 key=value parser (DPC)
\KV@toks@=\toks15
)
(/usr/local/texlive/2015/texmf-dist/tex/latex/graphics/graphics.sty
Package: graphics 2014/10/28 v1.0p Standard LaTeX Graphics (DPC,SPQR)

(/usr/local/texlive/2015/texmf-dist/tex/latex/graphics/trig.sty
Package: trig 1999/03/16 v1.09 sin cos tan (DPC)
)
(/usr/local/texlive/2015/texmf-dist/tex/latex/latexconfig/graphics.cfg
File: graphics.cfg 2010/04/23 v1.9 graphics configuration of TeX Live
)
Package graphics Info: Driver file: pdftex.def on input line 94.

(/usr/local/texlive/2015/texmf-dist/tex/latex/pdftex-def/pdftex.def
File: pdftex.def 2011/05/27 v0.06d Graphics/color for pdfTeX

(/usr/local/texlive/2015/texmf-dist/tex/generic/oberdiek/infwarerr.sty
Package: infwarerr 2010/04/08 v1.3 Providing info/warning/error messages (HO)
)
(/usr/local/texlive/2015/texmf-dist/tex/generic/oberdiek/ltxcmds.sty
Package: ltxcmds 2011/11/09 v1.22 LaTeX kernel commands for general use (HO)
)
\Gread@gobject=\count91
))
\Gin@req@height=\dimen113
\Gin@req@width=\dimen114
)
** ATTENTION: Overriding command lockouts (line 9).
** ATTENTION: Overriding IEEE standard margins (line 12).
(/usr/local/texlive/2015/texmf-dist/tex/latex/cite/cite.sty
LaTeX Info: Redefining \cite on input line 302.
LaTeX Info: Redefining \nocite on input line 332.
Package: cite 2015/02/27  v 5.5
)
(/usr/local/texlive/2015/texmf-dist/tex/latex/mathtools/mathtools.sty
Package: mathtools 2015/05/11 v1.16 mathematical typesetting tools

(/usr/local/texlive/2015/texmf-dist/tex/latex/tools/calc.sty
Package: calc 2014/10/28 v4.3 Infix arithmetic (KKT,FJ)
\calc@Acount=\count92
\calc@Bcount=\count93
\calc@Adimen=\dimen115
\calc@Bdimen=\dimen116
\calc@Askip=\skip47
\calc@Bskip=\skip48
LaTeX Info: Redefining \setlength on input line 80.
LaTeX Info: Redefining \addtolength on input line 81.
\calc@Ccount=\count94
\calc@Cskip=\skip49
)
(/usr/local/texlive/2015/texmf-dist/tex/latex/mathtools/mhsetup.sty
Package: mhsetup 2010/01/21 v1.2a programming setup (MH)
)
(/usr/local/texlive/2015/texmf-dist/tex/latex/amsmath/amsmath.sty
Package: amsmath 2013/01/14 v2.14 AMS math features
\@mathmargin=\skip50

For additional information on amsmath, use the `?' option.
(/usr/local/texlive/2015/texmf-dist/tex/latex/amsmath/amstext.sty
Package: amstext 2000/06/29 v2.01

(/usr/local/texlive/2015/texmf-dist/tex/latex/amsmath/amsgen.sty
File: amsgen.sty 1999/11/30 v2.0
\@emptytoks=\toks16
\ex@=\dimen117
))
(/usr/local/texlive/2015/texmf-dist/tex/latex/amsmath/amsbsy.sty
Package: amsbsy 1999/11/29 v1.2d
\pmbraise@=\dimen118
)
(/usr/local/texlive/2015/texmf-dist/tex/latex/amsmath/amsopn.sty
Package: amsopn 1999/12/14 v2.01 operator names
)
\inf@bad=\count95
LaTeX Info: Redefining \frac on input line 210.
\uproot@=\count96
\leftroot@=\count97
LaTeX Info: Redefining \overline on input line 306.
\classnum@=\count98
\DOTSCASE@=\count99
LaTeX Info: Redefining \ldots on input line 378.
LaTeX Info: Redefining \dots on input line 381.
LaTeX Info: Redefining \cdots on input line 466.
\Mathstrutbox@=\box27
\strutbox@=\box28
\big@size=\dimen119
LaTeX Font Info:    Redeclaring font encoding OML on input line 566.
LaTeX Font Info:    Redeclaring font encoding OMS on input line 567.
\macc@depth=\count100
\c@MaxMatrixCols=\count101
\dotsspace@=\muskip10
\c@parentequation=\count102
\dspbrk@lvl=\count103
\tag@help=\toks17
\row@=\count104
\column@=\count105
\maxfields@=\count106
\andhelp@=\toks18
\eqnshift@=\dimen120
\alignsep@=\dimen121
\tagshift@=\dimen122
\tagwidth@=\dimen123
\totwidth@=\dimen124
\lineht@=\dimen125
\@envbody=\toks19
\multlinegap=\skip51
\multlinetaggap=\skip52
\mathdisplay@stack=\toks20
LaTeX Info: Redefining \[ on input line 2665.
LaTeX Info: Redefining \] on input line 2666.
)
LaTeX Info: Thecontrolsequence`\('isalreadyrobust on input line 129.
LaTeX Info: Thecontrolsequence`\)'isalreadyrobust on input line 129.
LaTeX Info: Thecontrolsequence`\['isalreadyrobust on input line 129.
LaTeX Info: Thecontrolsequence`\]'isalreadyrobust on input line 129.
\g_MT_multlinerow_int=\count107
\l_MT_multwidth_dim=\dimen126
\origjot=\skip53
\l_MT_shortvdotswithinadjustabove_dim=\dimen127
\l_MT_shortvdotswithinadjustbelow_dim=\dimen128
\l_MT_above_intertext_sep=\dimen129
\l_MT_below_intertext_sep=\dimen130
\l_MT_above_shortintertext_sep=\dimen131
\l_MT_below_shortintertext_sep=\dimen132
)
(/usr/local/texlive/2015/texmf-dist/tex/latex/cleveref/cleveref.sty
Package: cleveref 2013/12/28 v0.19 Intelligent cross-referencing
)
(./IROS17 Magnetic Hammer.aux

LaTeX Warning: Label `magfield' multiply defined.


LaTeX Warning: Label `magfield@cref' multiply defined.

)
\openout1 = `"IROS17 Magnetic Hammer.aux"'.

LaTeX Font Info:    Checking defaults for OML/cmm/m/it on input line 44.
LaTeX Font Info:    ... okay on input line 44.
LaTeX Font Info:    Checking defaults for T1/cmr/m/n on input line 44.
LaTeX Font Info:    ... okay on input line 44.
LaTeX Font Info:    Checking defaults for OT1/cmr/m/n on input line 44.
LaTeX Font Info:    ... okay on input line 44.
LaTeX Font Info:    Checking defaults for OMS/cmsy/m/n on input line 44.
LaTeX Font Info:    ... okay on input line 44.
LaTeX Font Info:    Checking defaults for OMX/cmex/m/n on input line 44.
LaTeX Font Info:    ... okay on input line 44.
LaTeX Font Info:    Checking defaults for U/cmr/m/n on input line 44.
LaTeX Font Info:    ... okay on input line 44.
 (/usr/local/texlive/2015/texmf-dist/tex/context/base/supp-pdf.mkii
[Loading MPS to PDF converter (version 2006.09.02).]
\scratchcounter=\count108
\scratchdimen=\dimen133
\scratchbox=\box29
\nofMPsegments=\count109
\nofMParguments=\count110
\everyMPshowfont=\toks21
\MPscratchCnt=\count111
\MPscratchDim=\dimen134
\MPnumerator=\count112
\makeMPintoPDFobject=\count113
\everyMPtoPDFconversion=\toks22
) (/usr/local/texlive/2015/texmf-dist/tex/generic/oberdiek/pdftexcmds.sty
Package: pdftexcmds 2011/11/29 v0.20 Utility functions of pdfTeX for LuaTeX (HO
)

(/usr/local/texlive/2015/texmf-dist/tex/generic/oberdiek/ifluatex.sty
Package: ifluatex 2010/03/01 v1.3 Provides the ifluatex switch (HO)
Package ifluatex Info: LuaTeX not detected.
)
(/usr/local/texlive/2015/texmf-dist/tex/generic/oberdiek/ifpdf.sty
Package: ifpdf 2011/01/30 v2.3 Provides the ifpdf switch (HO)
Package ifpdf Info: pdfTeX in PDF mode is detected.
)
Package pdftexcmds Info: LuaTeX not detected.
Package pdftexcmds Info: \pdf@primitive is available.
Package pdftexcmds Info: \pdf@ifprimitive is available.
Package pdftexcmds Info: \pdfdraftmode found.
)
(/usr/local/texlive/2015/texmf-dist/tex/latex/oberdiek/epstopdf-base.sty
Package: epstopdf-base 2010/02/09 v2.5 Base part for package epstopdf

(/usr/local/texlive/2015/texmf-dist/tex/latex/oberdiek/grfext.sty
Package: grfext 2010/08/19 v1.1 Manage graphics extensions (HO)

(/usr/local/texlive/2015/texmf-dist/tex/generic/oberdiek/kvdefinekeys.sty
Package: kvdefinekeys 2011/04/07 v1.3 Define keys (HO)
))
(/usr/local/texlive/2015/texmf-dist/tex/latex/oberdiek/kvoptions.sty
Package: kvoptions 2011/06/30 v3.11 Key value format for package options (HO)

(/usr/local/texlive/2015/texmf-dist/tex/generic/oberdiek/kvsetkeys.sty
Package: kvsetkeys 2012/04/25 v1.16 Key value parser (HO)

(/usr/local/texlive/2015/texmf-dist/tex/generic/oberdiek/etexcmds.sty
Package: etexcmds 2011/02/16 v1.5 Avoid name clashes with e-TeX commands (HO)
Package etexcmds Info: Could not find \expanded.
(etexcmds)             That can mean that you are not using pdfTeX 1.50 or
(etexcmds)             that some package has redefined \expanded.
(etexcmds)             In the latter case, load this package earlier.
)))
Package grfext Info: Graphics extension search list:
(grfext)             [.png,.pdf,.jpg,.mps,.jpeg,.jbig2,.jb2,.PNG,.PDF,.JPG,.JPE
G,.JBIG2,.JB2,.eps]
(grfext)             \AppendGraphicsExtensions on input line 452.

(/usr/local/texlive/2015/texmf-dist/tex/latex/latexconfig/epstopdf-sys.cfg
File: epstopdf-sys.cfg 2010/07/13 v1.3 Configuration of (r)epstopdf for TeX Liv
e
))
LaTeX Font Info:    Try loading font information for OT1+pcr on input line 48.

(/usr/local/texlive/2015/texmf-dist/tex/latex/psnfss/ot1pcr.fd
File: ot1pcr.fd 2001/06/04 font definitions for OT1/pcr.
)
<./pictures/figure1-2.png, id=1, 475.7775pt x 452.28975pt>
File: ./pictures/figure1-2.png Graphic file (type png)

<use ./pictures/figure1-2.png>
Package pdftex.def Info: ./pictures/figure1-2.png used on input line 92.
(pdftex.def)             Requested size: 245.71811pt x 233.5909pt.

<./pictures/FBD_R1.pdf, id=3, 299.77563pt x 224.9915pt>
File: ./pictures/FBD_R1.pdf Graphic file (type pdf)

<use ./pictures/FBD_R1.pdf>
Package pdftex.def Info: ./pictures/FBD_R1.pdf used on input line 106.
(pdftex.def)             Requested size: 245.71811pt x 184.42212pt.

Underfull \vbox (badness 10000) has occurred while \output is active []

 [1{/usr/local/texlive/2015/texmf-var/fonts/map/pdftex/updmap/pdftex.map}


 <./pictures/figure1-2.png>] <./pictures/CLinput.pdf, id=15, 1734.48pt x 822.07
124pt>
File: ./pictures/CLinput.pdf Graphic file (type pdf)

<use ./pictures/CLinput.pdf>
Package pdftex.def Info: ./pictures/CLinput.pdf used on input line 165.
(pdftex.def)             Requested size: 245.71811pt x 116.45645pt.
 [2 <./pictures/FBD_R1.pdf>]
<./pictures/single_loop.pdf, id=190, 548.0475pt x 406.51875pt>
File: ./pictures/single_loop.pdf Graphic file (type pdf)

<use ./pictures/single_loop.pdf>
Package pdftex.def Info: ./pictures/single_loop.pdf used on input line 213.
(pdftex.def)             Requested size: 196.57523pt x 145.81317pt.

<./pictures/Femm_matlab_comparison.png, id=191, 662.475pt x 590.205pt>
File: ./pictures/Femm_matlab_comparison.png Graphic file (type png)

<use ./pictures/Femm_matlab_comparison.png>
Package pdftex.def Info: ./pictures/Femm_matlab_comparison.png used on input li
ne 222.
(pdftex.def)             Requested size: 245.71811pt x 218.91277pt.

Underfull \vbox (badness 10000) has occurred while \output is active []

 [3 <./pictures/CLinput.pdf> <./pictures/single_loop.pdf> <./pictures/Femm_matl
ab_comparison.png>]
<./pictures/ComparisonOfControlInputs.pdf, id=241, 817.50781pt x 442.91158pt>
File: ./pictures/ComparisonOfControlInputs.pdf Graphic file (type pdf)

<use ./pictures/ComparisonOfControlInputs.pdf>
Package pdftex.def Info: ./pictures/ComparisonOfControlInputs.pdf used on input
 line 234.
(pdftex.def)             Requested size: 245.71811pt x 133.12454pt.

<./pictures/Tswitchcases.pdf, id=242, 705.09015pt x 411.82253pt>
File: ./pictures/Tswitchcases.pdf Graphic file (type pdf)

<use ./pictures/Tswitchcases.pdf>
Package pdftex.def Info: ./pictures/Tswitchcases.pdf used on input line 257.
(pdftex.def)             Requested size: 245.71811pt x 143.51793pt.
 [4 <./pictures/ComparisonOfControlInputs.pdf> <./pictures/Tswitchcases.pdf

pdfTeX warning: /Library/TeX/texbin/pdflatex (file ./pictures/Tswitchcases.pdf)
: PDF inclusion: multiple pdfs with page group included in a single page
>] <./pictures/deltVsts_differentVop.pdf, id=768, 1358.07375pt x 823.075pt>
File: ./pictures/deltVsts_differentVop.pdf Graphic file (type pdf)

<use ./pictures/deltVsts_differentVop.pdf>
Package pdftex.def Info: ./pictures/deltVsts_differentVop.pdf used on input lin
e 272.
(pdftex.def)             Requested size: 245.71811pt x 148.91321pt.

<./pictures/3Dcontour_view1.pdf, id=769, 912.40875pt x 670.505pt>
File: ./pictures/3Dcontour_view1.pdf Graphic file (type pdf)

<use ./pictures/3Dcontour_view1.pdf>
Package pdftex.def Info: ./pictures/3Dcontour_view1.pdf used on input line 277.

(pdftex.def)             Requested size: 245.71811pt x 180.56815pt.

<./pictures/FrictionForceWithClosedLoopValues.pdf, id=770, 813.15587pt x 462.13
02pt>
File: ./pictures/FrictionForceWithClosedLoopValues.pdf Graphic file (type pdf)
 <use ./pictures/FrictionForceWithClosedLoopValues.pdf>
Package pdftex.def Info: ./pictures/FrictionForceWithClosedLoopValues.pdf used 
on input line 285.
(pdftex.def)             Requested size: 245.71811pt x 139.64145pt.
Package epstopdf Info: Source file: <./pictures/CoR_setup_data.eps>
(epstopdf)                    date: 2017-02-15 17:26:36
(epstopdf)                    size: 6797240 bytes
(epstopdf)             Output file: <./pictures/CoR_setup_data-eps-converted-to
.pdf>
(epstopdf)                    date: 2017-02-16 08:53:11
(epstopdf)                    size: 368183 bytes
(epstopdf)             Command: <repstopdf --outfile=./pictures/CoR_setup_data-
eps-converted-to.pdf ./pictures/CoR_setup_data.eps>
(epstopdf)             \includegraphics on input line 300.
Package epstopdf Info: Output file is already uptodate.

<./pictures/CoR_setup_data-eps-converted-to.pdf, id=771, 722.7pt x 542.025pt>
File: ./pictures/CoR_setup_data-eps-converted-to.pdf Graphic file (type pdf)

<use ./pictures/CoR_setup_data-eps-converted-to.pdf>
Package pdftex.def Info: ./pictures/CoR_setup_data-eps-converted-to.pdf used on
 input line 300.
(pdftex.def)             Requested size: 245.71811pt x 184.28606pt.

<./pictures/CoRdata.pdf, id=772, 512.54483pt x 293.30579pt>
File: ./pictures/CoRdata.pdf Graphic file (type pdf)

<use ./pictures/CoRdata.pdf>
Package pdftex.def Info: ./pictures/CoRdata.pdf used on input line 306.
(pdftex.def)             Requested size: 245.71811pt x 140.6151pt.
 [5 <./pictures/deltVsts_differentVop.pdf> <./pictures/3Dcontour_view1.pdf

pdfTeX warning: /Library/TeX/texbin/pdflatex (file ./pictures/3Dcontour_view1.p
df): PDF inclusion: multiple pdfs with page group included in a single page
> <./pictures/FrictionForceWithClosedLoopValues.pdf

pdfTeX warning: /Library/TeX/texbin/pdflatex (file ./pictures/FrictionForceWith
ClosedLoopValues.pdf): PDF inclusion: multiple pdfs with page group included in
 a single page
>] <./pictures/Magnetic_setup.jpg, id=830, 936.49875pt x 540.21825pt>
File: ./pictures/Magnetic_setup.jpg Graphic file (type jpg)

<use ./pictures/Magnetic_setup.jpg>
Package pdftex.def Info: ./pictures/Magnetic_setup.jpg used on input line 337.
(pdftex.def)             Requested size: 245.71811pt x 141.73933pt.


LaTeX Warning: No positions in optional float specifier.
               Default added (so using `tbp') on input line 342.


Overfull \hbox (10.21516pt too wide) in paragraph at lines 346--355
 [][] 
 []

[6 <./pictures/CoR_setup_data-eps-converted-to.pdf> <./pictures/CoRdata.pdf> <.
/pictures/Magnetic_setup.jpg>]
Package epstopdf Info: Source file: <./pictures/figure3.eps>
(epstopdf)                    date: 2017-02-14 23:33:43
(epstopdf)                    size: 54070 bytes
(epstopdf)             Output file: <./pictures/figure3-eps-converted-to.pdf>
(epstopdf)                    date: 2017-02-14 23:33:43
(epstopdf)                    size: 52422 bytes
(epstopdf)             Command: <repstopdf --outfile=./pictures/figure3-eps-con
verted-to.pdf ./pictures/figure3.eps>
(epstopdf)             \includegraphics on input line 391.
Package epstopdf Info: Output file is already uptodate.

<./pictures/figure3-eps-converted-to.pdf, id=936, 643.40375pt x 501.875pt>
File: ./pictures/figure3-eps-converted-to.pdf Graphic file (type pdf)

<use ./pictures/figure3-eps-converted-to.pdf>
Package pdftex.def Info: ./pictures/figure3-eps-converted-to.pdf used on input 
line 391.
(pdftex.def)             Requested size: 245.71811pt x 191.66406pt.

<./pictures/tests_in_MRI.png, id=937, 222.8325pt x 206.57175pt>
File: ./pictures/tests_in_MRI.png Graphic file (type png)

<use ./pictures/tests_in_MRI.png>
Package pdftex.def Info: ./pictures/tests_in_MRI.png used on input line 472.
(pdftex.def)             Requested size: 150.0pt x 139.05481pt.
 [7 <./pictures/figure3-eps-converted-to.pdf> <./pictures/tests_in_MRI.png>]
<./pictures/brain_penetration.png, id=946, 326.4195pt x 410.13225pt>
File: ./pictures/brain_penetration.png Graphic file (type png)

<use ./pictures/brain_penetration.png>
Package pdftex.def Info: ./pictures/brain_penetration.png used on input line 48
5.
(pdftex.def)             Requested size: 190.0pt x 238.73422pt.


LaTeX Warning: No positions in optional float specifier.
               Default added (so using `tbp') on input line 490.


LaTeX Warning: Reference `robot_parameters' on page 8 undefined on input line 5
07.

[8 <./pictures/brain_penetration.png>] (./IROS17 Magnetic Hammer.bbl
Missing character: There is no â in font ptmr7t!
Missing character: There is no € in font ptmr7t!
Missing character: There is no ™ in font ptmr7t!
)

** Conference Paper **
Before submitting the final camera ready copy, remember to:

 1. Manually equalize the lengths of two columns on the last page
 of your paper;

 2. Ensure that any PostScript and/or PDF output post-processing
 uses only Type 1 fonts and that every step in the generation
 process uses the US letter (8.5in X 11in) paper size.

[9

] (./IROS17 Magnetic Hammer.aux)

LaTeX Warning: There were undefined references.


LaTeX Warning: There were multiply-defined labels.

 ) 
Here is how much of TeX's memory you used:
 5025 strings out of 493089
 87244 string characters out of 6134842
 168264 words of memory out of 5000000
 8440 multiletter control sequences out of 15000+600000
 44672 words of font info for 87 fonts, out of 8000000 for 9000
 1141 hyphenation exceptions out of 8191
 38i,14n,31p,1634b,295s stack positions out of 5000i,500n,10000p,200000b,80000s
{/usr/local/texlive/2015/texmf-dist/fonts/enc/dvips/base/8r.enc}</usr/local/t
exlive/2015/texmf-dist/fonts/type1/public/amsfonts/cm/cmbx10.pfb></usr/local/te
xlive/2015/texmf-dist/fonts/type1/public/amsfonts/cm/cmbx7.pfb></usr/local/texl
ive/2015/texmf-dist/fonts/type1/public/amsfonts/cm/cmex10.pfb></usr/local/texli
ve/2015/texmf-dist/fonts/type1/public/amsfonts/cmextra/cmex7.pfb></usr/local/te
xlive/2015/texmf-dist/fonts/type1/public/amsfonts/cm/cmmi10.pfb></usr/local/tex
live/2015/texmf-dist/fonts/type1/public/amsfonts/cm/cmmi5.pfb></usr/local/texli
ve/2015/texmf-dist/fonts/type1/public/amsfonts/cm/cmmi6.pfb></usr/local/texlive
/2015/texmf-dist/fonts/type1/public/amsfonts/cm/cmmi7.pfb></usr/local/texlive/2
015/texmf-dist/fonts/type1/public/amsfonts/cm/cmmi8.pfb></usr/local/texlive/201
5/texmf-dist/fonts/type1/public/amsfonts/cm/cmr10.pfb></usr/local/texlive/2015/
texmf-dist/fonts/type1/public/amsfonts/cm/cmr5.pfb></usr/local/texlive/2015/tex
mf-dist/fonts/type1/public/amsfonts/cm/cmr6.pfb></usr/local/texlive/2015/texmf-
dist/fonts/type1/public/amsfonts/cm/cmr7.pfb></usr/local/texlive/2015/texmf-dis
t/fonts/type1/public/amsfonts/cm/cmr8.pfb></usr/local/texlive/2015/texmf-dist/f
onts/type1/public/amsfonts/cm/cmsy10.pfb></usr/local/texlive/2015/texmf-dist/fo
nts/type1/public/amsfonts/cm/cmsy5.pfb></usr/local/texlive/2015/texmf-dist/font
s/type1/public/amsfonts/cm/cmsy7.pfb></usr/local/texlive/2015/texmf-dist/fonts/
type1/urw/courier/ucrr8a.pfb></usr/local/texlive/2015/texmf-dist/fonts/type1/ur
w/times/utmb8a.pfb></usr/local/texlive/2015/texmf-dist/fonts/type1/urw/times/ut
mbi8a.pfb></usr/local/texlive/2015/texmf-dist/fonts/type1/urw/times/utmr8a.pfb>
</usr/local/texlive/2015/texmf-dist/fonts/type1/urw/times/utmri8a.pfb>
Output written on "IROS17 Magnetic Hammer.pdf" (9 pages, 3897056 bytes).
PDF statistics:
 1024 PDF objects out of 1200 (max. 8388607)
 637 compressed objects within 7 object streams
 0 named destinations out of 1000 (max. 500000)
 81 words of extra memory for PDF output out of 10000 (max. 10000000)

