This is pdfTeX, Version 3.14159265-2.6-1.40.16 (TeX Live 2015) (preloaded format=pdflatex 2015.5.24)  10 FEB 2017 13:12
entering extended mode
 restricted \write18 enabled.
 file:line:error style messages enabled.
 %&-line parsing enabled.
**IROS_2017_Magnetic_hammer.tex
(./IROS_2017_Magnetic_hammer.tex
LaTeX2e <2015/01/01>
Babel <3.9l> and hyphenation patterns for 79 languages loaded.
(./ieeeconf.cls
Document Class: ieeeconf 2016/4/23 revision V1.6b by Pradeep Misra
\@IEEEtrantmpdimenA=\dimen102
\@IEEEtrantmpdimenB=\dimen103
\@IEEEtrantmpcountA=\count79
\@IEEEtrantmpcountB=\count80
\@IEEEtrantmptoksA=\toks14
LaTeX Font Info:    Try loading font information for OT1+ptm on input line 794.

(/usr/local/texlive/2015/texmf-dist/tex/latex/psnfss/ot1ptm.fd
File: ot1ptm.fd 2001/06/04 font definitions for OT1/ptm.
)
\@IEEEnormalsizefontbaselineskip=\skip41

-- This is a 10 point document.
\normalsizebaselineskip=\skip42
\normaljot=\skip43
LaTeX Font Info:    Font shape `OT1/ptm/bx/n' in size <5> not available
(Font)              Font shape `OT1/ptm/b/n' tried instead on input line 1113.
LaTeX Font Info:    Font shape `OT1/ptm/bx/it' in size <5> not available
(Font)              Font shape `OT1/ptm/b/it' tried instead on input line 1113.

LaTeX Font Info:    Font shape `OT1/ptm/bx/n' in size <7> not available
(Font)              Font shape `OT1/ptm/b/n' tried instead on input line 1113.
LaTeX Font Info:    Font shape `OT1/ptm/bx/it' in size <7> not available
(Font)              Font shape `OT1/ptm/b/it' tried instead on input line 1113.

LaTeX Font Info:    Font shape `OT1/ptm/bx/n' in size <8> not available
(Font)              Font shape `OT1/ptm/b/n' tried instead on input line 1113.
LaTeX Font Info:    Font shape `OT1/ptm/bx/it' in size <8> not available
(Font)              Font shape `OT1/ptm/b/it' tried instead on input line 1113.

LaTeX Font Info:    Font shape `OT1/ptm/bx/n' in size <9> not available
(Font)              Font shape `OT1/ptm/b/n' tried instead on input line 1113.
LaTeX Font Info:    Font shape `OT1/ptm/bx/it' in size <9> not available
(Font)              Font shape `OT1/ptm/b/it' tried instead on input line 1113.

LaTeX Font Info:    Font shape `OT1/ptm/bx/n' in size <10> not available
(Font)              Font shape `OT1/ptm/b/n' tried instead on input line 1113.
LaTeX Font Info:    Font shape `OT1/ptm/bx/it' in size <10> not available
(Font)              Font shape `OT1/ptm/b/it' tried instead on input line 1113.

LaTeX Font Info:    Font shape `OT1/ptm/bx/n' in size <11> not available
(Font)              Font shape `OT1/ptm/b/n' tried instead on input line 1113.
LaTeX Font Info:    Font shape `OT1/ptm/bx/it' in size <11> not available
(Font)              Font shape `OT1/ptm/b/it' tried instead on input line 1113.

LaTeX Font Info:    Font shape `OT1/ptm/bx/n' in size <12> not available
(Font)              Font shape `OT1/ptm/b/n' tried instead on input line 1113.
LaTeX Font Info:    Font shape `OT1/ptm/bx/it' in size <12> not available
(Font)              Font shape `OT1/ptm/b/it' tried instead on input line 1113.

LaTeX Font Info:    Font shape `OT1/ptm/bx/n' in size <16> not available
(Font)              Font shape `OT1/ptm/b/n' tried instead on input line 1113.
LaTeX Font Info:    Font shape `OT1/ptm/bx/it' in size <16> not available
(Font)              Font shape `OT1/ptm/b/it' tried instead on input line 1113.

LaTeX Font Info:    Font shape `OT1/ptm/bx/n' in size <20> not available
(Font)              Font shape `OT1/ptm/b/n' tried instead on input line 1113.
LaTeX Font Info:    Font shape `OT1/ptm/bx/it' in size <20> not available
(Font)              Font shape `OT1/ptm/b/it' tried instead on input line 1113.

LaTeX Font Info:    Font shape `OT1/ptm/bx/n' in size <24> not available
(Font)              Font shape `OT1/ptm/b/n' tried instead on input line 1113.
LaTeX Font Info:    Font shape `OT1/ptm/bx/it' in size <24> not available
(Font)              Font shape `OT1/ptm/b/it' tried instead on input line 1113.

\IEEEilabelindentA=\dimen104
\IEEEilabelindentB=\dimen105
\IEEEilabelindent=\dimen106
\IEEEelabelindent=\dimen107
\IEEEdlabelindent=\dimen108
\labelindent=\dimen109
\IEEEiednormlabelsep=\dimen110
\IEEEiedmathlabelsep=\dimen111
\IEEEiedtopsep=\skip44
\c@section=\count81
\c@subsection=\count82
\c@subsubsection=\count83
\c@paragraph=\count84
\c@IEEEsubequation=\count85
\abovecaptionskip=\skip45
\belowcaptionskip=\skip46
\c@figure=\count86
\c@table=\count87
\@IEEEeqnnumcols=\count88
\@IEEEeqncolcnt=\count89
\@IEEEtmpitemindent=\dimen112
\c@biography=\count90
\@IEEEtranrubishbin=\box26
)
** ATTENTION: Overriding command lockouts (line 7).
** ATTENTION: Overriding IEEE standard margins (line 10).
(/usr/local/texlive/2015/texmf-dist/tex/latex/cite/cite.sty
LaTeX Info: Redefining \cite on input line 302.
LaTeX Info: Redefining \nocite on input line 332.
Package: cite 2015/02/27  v 5.5
)
(/usr/local/texlive/2015/texmf-dist/tex/latex/mathtools/mathtools.sty
Package: mathtools 2015/05/11 v1.16 mathematical typesetting tools

(/usr/local/texlive/2015/texmf-dist/tex/latex/graphics/keyval.sty
Package: keyval 2014/10/28 v1.15 key=value parser (DPC)
\KV@toks@=\toks15
)
(/usr/local/texlive/2015/texmf-dist/tex/latex/tools/calc.sty
Package: calc 2014/10/28 v4.3 Infix arithmetic (KKT,FJ)
\calc@Acount=\count91
\calc@Bcount=\count92
\calc@Adimen=\dimen113
\calc@Bdimen=\dimen114
\calc@Askip=\skip47
\calc@Bskip=\skip48
LaTeX Info: Redefining \setlength on input line 80.
LaTeX Info: Redefining \addtolength on input line 81.
\calc@Ccount=\count93
\calc@Cskip=\skip49
)
(/usr/local/texlive/2015/texmf-dist/tex/latex/mathtools/mhsetup.sty
Package: mhsetup 2010/01/21 v1.2a programming setup (MH)
)
(/usr/local/texlive/2015/texmf-dist/tex/latex/amsmath/amsmath.sty
Package: amsmath 2013/01/14 v2.14 AMS math features
\@mathmargin=\skip50

For additional information on amsmath, use the `?' option.
(/usr/local/texlive/2015/texmf-dist/tex/latex/amsmath/amstext.sty
Package: amstext 2000/06/29 v2.01

(/usr/local/texlive/2015/texmf-dist/tex/latex/amsmath/amsgen.sty
File: amsgen.sty 1999/11/30 v2.0
\@emptytoks=\toks16
\ex@=\dimen115
))
(/usr/local/texlive/2015/texmf-dist/tex/latex/amsmath/amsbsy.sty
Package: amsbsy 1999/11/29 v1.2d
\pmbraise@=\dimen116
)
(/usr/local/texlive/2015/texmf-dist/tex/latex/amsmath/amsopn.sty
Package: amsopn 1999/12/14 v2.01 operator names
)
\inf@bad=\count94
LaTeX Info: Redefining \frac on input line 210.
\uproot@=\count95
\leftroot@=\count96
LaTeX Info: Redefining \overline on input line 306.
\classnum@=\count97
\DOTSCASE@=\count98
LaTeX Info: Redefining \ldots on input line 378.
LaTeX Info: Redefining \dots on input line 381.
LaTeX Info: Redefining \cdots on input line 466.
\Mathstrutbox@=\box27
\strutbox@=\box28
\big@size=\dimen117
LaTeX Font Info:    Redeclaring font encoding OML on input line 566.
LaTeX Font Info:    Redeclaring font encoding OMS on input line 567.
\macc@depth=\count99
\c@MaxMatrixCols=\count100
\dotsspace@=\muskip10
\c@parentequation=\count101
\dspbrk@lvl=\count102
\tag@help=\toks17
\row@=\count103
\column@=\count104
\maxfields@=\count105
\andhelp@=\toks18
\eqnshift@=\dimen118
\alignsep@=\dimen119
\tagshift@=\dimen120
\tagwidth@=\dimen121
\totwidth@=\dimen122
\lineht@=\dimen123
\@envbody=\toks19
\multlinegap=\skip51
\multlinetaggap=\skip52
\mathdisplay@stack=\toks20
LaTeX Info: Redefining \[ on input line 2665.
LaTeX Info: Redefining \] on input line 2666.
)
LaTeX Info: Thecontrolsequence`\('isalreadyrobust on input line 129.
LaTeX Info: Thecontrolsequence`\)'isalreadyrobust on input line 129.
LaTeX Info: Thecontrolsequence`\['isalreadyrobust on input line 129.
LaTeX Info: Thecontrolsequence`\]'isalreadyrobust on input line 129.
\g_MT_multlinerow_int=\count106
\l_MT_multwidth_dim=\dimen124
\origjot=\skip53
\l_MT_shortvdotswithinadjustabove_dim=\dimen125
\l_MT_shortvdotswithinadjustbelow_dim=\dimen126
\l_MT_above_intertext_sep=\dimen127
\l_MT_below_intertext_sep=\dimen128
\l_MT_above_shortintertext_sep=\dimen129
\l_MT_below_shortintertext_sep=\dimen130
)
(/usr/local/texlive/2015/texmf-dist/tex/latex/cleveref/cleveref.sty
Package: cleveref 2013/12/28 v0.19 Intelligent cross-referencing
)
No file IROS_2017_Magnetic_hammer.aux.
\openout1 = `IROS_2017_Magnetic_hammer.aux'.

LaTeX Font Info:    Checking defaults for OML/cmm/m/it on input line 43.
LaTeX Font Info:    ... okay on input line 43.
LaTeX Font Info:    Checking defaults for T1/cmr/m/n on input line 43.
LaTeX Font Info:    ... okay on input line 43.
LaTeX Font Info:    Checking defaults for OT1/cmr/m/n on input line 43.
LaTeX Font Info:    ... okay on input line 43.
LaTeX Font Info:    Checking defaults for OMS/cmsy/m/n on input line 43.
LaTeX Font Info:    ... okay on input line 43.
LaTeX Font Info:    Checking defaults for OMX/cmex/m/n on input line 43.
LaTeX Font Info:    ... okay on input line 43.
LaTeX Font Info:    Checking defaults for U/cmr/m/n on input line 43.
LaTeX Font Info:    ... okay on input line 43.
(/usr/local/texlive/2015/texmf-dist/tex/latex/graphics/graphicx.sty
Package: graphicx 2014/10/28 v1.0g Enhanced LaTeX Graphics (DPC,SPQR)

(/usr/local/texlive/2015/texmf-dist/tex/latex/graphics/graphics.sty
Package: graphics 2014/10/28 v1.0p Standard LaTeX Graphics (DPC,SPQR)

(/usr/local/texlive/2015/texmf-dist/tex/latex/graphics/trig.sty
Package: trig 1999/03/16 v1.09 sin cos tan (DPC)
)
(/usr/local/texlive/2015/texmf-dist/tex/latex/latexconfig/graphics.cfg
File: graphics.cfg 2010/04/23 v1.9 graphics configuration of TeX Live
)
Package graphics Info: Driver file: pdftex.def on input line 94.

(/usr/local/texlive/2015/texmf-dist/tex/latex/pdftex-def/pdftex.def
File: pdftex.def 2011/05/27 v0.06d Graphics/color for pdfTeX

(/usr/local/texlive/2015/texmf-dist/tex/generic/oberdiek/infwarerr.sty
Package: infwarerr 2010/04/08 v1.3 Providing info/warning/error messages (HO)
)
(/usr/local/texlive/2015/texmf-dist/tex/generic/oberdiek/ltxcmds.sty
Package: ltxcmds 2011/11/09 v1.22 LaTeX kernel commands for general use (HO)
)
\Gread@gobject=\count107

(/usr/local/texlive/2015/texmf-dist/tex/context/base/supp-pdf.mkii
[Loading MPS to PDF converter (version 2006.09.02).]
\scratchcounter=\count108
\scratchdimen=\dimen131
\scratchbox=\box29
\nofMPsegments=\count109
\nofMParguments=\count110
\everyMPshowfont=\toks21
\MPscratchCnt=\count111
\MPscratchDim=\dimen132
\MPnumerator=\count112
\makeMPintoPDFobject=\count113
\everyMPtoPDFconversion=\toks22
))) (/usr/local/texlive/2015/texmf-dist/tex/generic/oberdiek/pdftexcmds.sty
Package: pdftexcmds 2011/11/29 v0.20 Utility functions of pdfTeX for LuaTeX (HO
)

(/usr/local/texlive/2015/texmf-dist/tex/generic/oberdiek/ifluatex.sty
Package: ifluatex 2010/03/01 v1.3 Provides the ifluatex switch (HO)
Package ifluatex Info: LuaTeX not detected.
)
(/usr/local/texlive/2015/texmf-dist/tex/generic/oberdiek/ifpdf.sty
Package: ifpdf 2011/01/30 v2.3 Provides the ifpdf switch (HO)
Package ifpdf Info: pdfTeX in PDF mode is detected.
)
Package pdftexcmds Info: LuaTeX not detected.
Package pdftexcmds Info: \pdf@primitive is available.
Package pdftexcmds Info: \pdf@ifprimitive is available.
Package pdftexcmds Info: \pdfdraftmode found.
)
(/usr/local/texlive/2015/texmf-dist/tex/latex/oberdiek/epstopdf-base.sty
Package: epstopdf-base 2010/02/09 v2.5 Base part for package epstopdf

(/usr/local/texlive/2015/texmf-dist/tex/latex/oberdiek/grfext.sty
Package: grfext 2010/08/19 v1.1 Manage graphics extensions (HO)

(/usr/local/texlive/2015/texmf-dist/tex/generic/oberdiek/kvdefinekeys.sty
Package: kvdefinekeys 2011/04/07 v1.3 Define keys (HO)
))
(/usr/local/texlive/2015/texmf-dist/tex/latex/oberdiek/kvoptions.sty
Package: kvoptions 2011/06/30 v3.11 Key value format for package options (HO)

(/usr/local/texlive/2015/texmf-dist/tex/generic/oberdiek/kvsetkeys.sty
Package: kvsetkeys 2012/04/25 v1.16 Key value parser (HO)

(/usr/local/texlive/2015/texmf-dist/tex/generic/oberdiek/etexcmds.sty
Package: etexcmds 2011/02/16 v1.5 Avoid name clashes with e-TeX commands (HO)
Package etexcmds Info: Could not find \expanded.
(etexcmds)             That can mean that you are not using pdfTeX 1.50 or
(etexcmds)             that some package has redefined \expanded.
(etexcmds)             In the latter case, load this package earlier.
)))
Package grfext Info: Graphics extension search list:
(grfext)             [.png,.pdf,.jpg,.mps,.jpeg,.jbig2,.jb2,.PNG,.PDF,.JPG,.JPE
G,.JBIG2,.JB2,.eps]
(grfext)             \AppendGraphicsExtensions on input line 452.

(/usr/local/texlive/2015/texmf-dist/tex/latex/latexconfig/epstopdf-sys.cfg
File: epstopdf-sys.cfg 2010/07/13 v1.3 Configuration of (r)epstopdf for TeX Liv
e
))
\Gin@req@height=\dimen133
\Gin@req@width=\dimen134
)
LaTeX Font Info:    Try loading font information for OT1+pcr on input line 47.

(/usr/local/texlive/2015/texmf-dist/tex/latex/psnfss/ot1pcr.fd
File: ot1pcr.fd 2001/06/04 font definitions for OT1/pcr.
)

LaTeX Warning: Citation `7067029' on page 1 undefined on input line 63.


LaTeX Warning: Citation `702' on page 1 undefined on input line 63.


LaTeX Warning: Citation `mi2020295' on page 1 undefined on input line 63.


LaTeX Warning: Citation `taylor' on page 1 undefined on input line 63.


LaTeX Warning: Citation `MRM21638' on page 1 undefined on input line 63.


LaTeX Warning: Citation `7139341' on page 1 undefined on input line 64.

<figure1-2.png, id=1, 537.207pt x 455.90324pt>
File: figure1-2.png Graphic file (type png)
 <use figure1-2.png>
Package pdftex.def Info: figure1-2.png used on input line 69.
(pdftex.def)             Requested size: 245.71811pt x 208.52846pt.
File: figure1-2.png Graphic file (type png)

<use figure1-2.png>
Package pdftex.def Info: figure1-2.png used on input line 75.
(pdftex.def)             Requested size: 245.71811pt x 208.52846pt.
 [1{/usr/local/texlive/2015/texmf-var/fonts/map/pdftex/updmap/pdftex.map}


 <./figure1-2.png>]

LaTeX Warning: File `Closedloop_Impact_velocity.eps' not found on input line 89
.

Package epstopdf Info: Source file: <Closedloop_Impact_velocity.eps>
(epstopdf)             Output file: <Closedloop_Impact_velocity-eps-converted-t
o.pdf>
(epstopdf)             Command: <repstopdf --outfile=Closedloop_Impact_velocity
-eps-converted-to.pdf Closedloop_Impact_velocity.eps>
(epstopdf)             \includegraphics on input line 89.
Package epstopdf Info: Output file is already uptodate.

./IROS_2017_Magnetic_hammer.tex:89: Package pdftex.def Error: File `Closedloop_
Impact_velocity-eps-converted-to.pdf' not found.

See the pdftex.def package documentation for explanation.
Type  H <return>  for immediate help.
 ...                                              
                                                  
l.89 ...linewidth]{Closedloop_Impact_velocity.eps}
                                                  
? 

LaTeX Warning: Reference `single_loop_geometry' on page 1 undefined on input li
ne 117.


LaTeX Warning: Reference `beta' on page 1 undefined on input line 117.


LaTeX Warning: Reference `delta' on page 1 undefined on input line 117.


LaTeX Warning: Reference `Bteta1loop' on page 1 undefined on input line 117.


LaTeX Warning: Reference `Bz1loop' on page 1 undefined on input line 117.

<single_loop.png, id=14, 519.1395pt x 360.74776pt>
File: single_loop.png Graphic file (type png)
 <use single_loop.png>
Package pdftex.def Info: single_loop.png used on input line 136.
(pdftex.def)             Requested size: 245.71811pt x 170.75145pt.


LaTeX Warning: Reference `beta' on page 1 undefined on input line 137.


LaTeX Warning: Reference `delta' on page 1 undefined on input line 137.


LaTeX Warning: Reference `Bteta1loop' on page 1 undefined on input line 137.


LaTeX Warning: Reference `Bz1loop' on page 1 undefined on input line 137.


LaTeX Warning: Reference `beta' on page 1 undefined on input line 141.


LaTeX Warning: Reference `delta' on page 1 undefined on input line 141.


LaTeX Warning: Reference `Bteta1loop' on page 1 undefined on input line 141.


LaTeX Warning: Reference `Bz1loop' on page 1 undefined on input line 141.

[2 <./single_loop.png>]
<Femm_matlab_comparison.png, id=24, 662.475pt x 590.205pt>
File: Femm_matlab_comparison.png Graphic file (type png)

<use Femm_matlab_comparison.png>
Package pdftex.def Info: Femm_matlab_comparison.png used on input line 145.
(pdftex.def)             Requested size: 245.71811pt x 218.91277pt.


LaTeX Warning: Reference `mag' on page 3 undefined on input line 153.


LaTeX Warning: Reference `hd' on page 3 undefined on input line 154.


LaTeX Warning: Reference `mag2' on page 3 undefined on input line 154.


LaTeX Warning: Reference `force' on page 3 undefined on input line 155.

Package epstopdf Info: Source file: <close_vs_openloop.eps>
(epstopdf)                    date: 2017-02-10 13:11:02
(epstopdf)                    size: 225505 bytes
(epstopdf)             Output file: <close_vs_openloop-eps-converted-to.pdf>
(epstopdf)             Command: <repstopdf --outfile=close_vs_openloop-eps-conv
erted-to.pdf close_vs_openloop.eps>
(epstopdf)             \includegraphics on input line 180.
runsystem(repstopdf --outfile=close_vs_openloop-eps-converted-to.pdf close_vs_o
penloop.eps)...executed safely (allowed).

Package epstopdf Info: Result file: <close_vs_openloop-eps-converted-to.pdf>
(epstopdf)                    date: 2017-02-10 13:12:09
(epstopdf)                    size: 12893 bytes.
<close_vs_openloop-eps-converted-to.pdf, id=25, 794.97pt x 614.295pt>
File: close_vs_openloop-eps-converted-to.pdf Graphic file (type pdf)

<use close_vs_openloop-eps-converted-to.pdf>
Package pdftex.def Info: close_vs_openloop-eps-converted-to.pdf used on input l
ine 180.
(pdftex.def)             Requested size: 794.96806pt x 614.29349pt.


LaTeX Warning: Reference `beta' on page 1 undefined on input line 181.


LaTeX Warning: Reference `delta' on page 1 undefined on input line 181.


LaTeX Warning: Reference `Bteta1loop' on page 1 undefined on input line 181.


LaTeX Warning: Reference `Bz1loop' on page 1 undefined on input line 181.

Package epstopdf Info: Source file: <CoR_measurements.eps>
(epstopdf)                    date: 2017-02-10 13:11:02
(epstopdf)                    size: 234281 bytes
(epstopdf)             Output file: <CoR_measurements-eps-converted-to.pdf>
(epstopdf)                    date: 2017-02-10 13:11:24
(epstopdf)                    size: 13463 bytes
(epstopdf)             Command: <repstopdf --outfile=CoR_measurements-eps-conve
rted-to.pdf CoR_measurements.eps>
(epstopdf)             \includegraphics on input line 186.
Package epstopdf Info: Output file is already uptodate.
<CoR_measurements-eps-converted-to.pdf, id=26, 794.97pt x 614.295pt>
File: CoR_measurements-eps-converted-to.pdf Graphic file (type pdf)

<use CoR_measurements-eps-converted-to.pdf>
Package pdftex.def Info: CoR_measurements-eps-converted-to.pdf used on input li
ne 186.
(pdftex.def)             Requested size: 245.71811pt x 189.87645pt.


LaTeX Warning: Reference `fig:CoR_setup_data' on page 3 undefined on input line
 196.


LaTeX Warning: File `CoR_setup_data.eps' not found on input line 199.

Package epstopdf Info: Source file: <CoR_setup_data.eps>
(epstopdf)             Output file: <CoR_setup_data-eps-converted-to.pdf>
(epstopdf)             Command: <repstopdf --outfile=CoR_setup_data-eps-convert
ed-to.pdf CoR_setup_data.eps>
(epstopdf)             \includegraphics on input line 199.
Package epstopdf Info: Output file is already uptodate.

./IROS_2017_Magnetic_hammer.tex:199: Package pdftex.def Error: File `CoR_setup_
data-eps-converted-to.pdf' not found.

See the pdftex.def package documentation for explanation.
Type  H <return>  for immediate help.
 ...                                              
                                                  
l.199 ...s[width=\columnwidth]{CoR_setup_data.eps}
                                                  
? 
[3 <./Femm_matlab_comparison.png> <./close_vs_openloop-eps-converted-to.pdf> <.
/CoR_measurements-eps-converted-to.pdf>]

LaTeX Warning: Reference `coil_table' on page 1 undefined on input line 219.


LaTeX Warning: No positions in optional float specifier.
               Default added (so using `tbp') on input line 226.


Overfull \hbox (35.09625pt too wide) in paragraph at lines 230--239
 [][] 
 []

Missing character: There is no ‚ in font ptmr7t!
Missing character: There is no Ä in font ptmr7t!
Missing character: There is no ú in font ptmr7t!
Missing character: There is no ‚ in font ptmr7t!
Missing character: There is no Ä in font ptmr7t!
Missing character: There is no ù in font ptmr7t!
Missing character: There is no ‚ in font ptmr7t!
Missing character: There is no Ä in font ptmr7t!
Missing character: There is no ú in font ptmr7t!
Missing character: There is no ‚ in font ptmr7t!
Missing character: There is no Ä in font ptmr7t!
Missing character: There is no ù in font ptmr7t!

LaTeX Warning: Citation `578' on page 4 undefined on input line 246.

[4]
Package epstopdf Info: Source file: <figure3.eps>
(epstopdf)                    date: 2017-02-10 13:11:02
(epstopdf)                    size: 17706 bytes
(epstopdf)             Output file: <figure3-eps-converted-to.pdf>
(epstopdf)                    date: 2017-02-10 13:11:28
(epstopdf)                    size: 7747 bytes
(epstopdf)             Command: <repstopdf --outfile=figure3-eps-converted-to.p
df figure3.eps>
(epstopdf)             \includegraphics on input line 253.
Package epstopdf Info: Output file is already uptodate.
 <figure3-eps-converted-to.pdf, id=54, 421.575pt x 316.18124pt>
File: figure3-eps-converted-to.pdf Graphic file (type pdf)

<use figure3-eps-converted-to.pdf>
Package pdftex.def Info: figure3-eps-converted-to.pdf used on input line 253.
(pdftex.def)             Requested size: 245.71811pt x 184.29225pt.

<tests_in_MRI.png, id=55, 219.82124pt x 206.57175pt>
File: tests_in_MRI.png Graphic file (type png)
 <use tests_in_MRI.png>
Package pdftex.def Info: tests_in_MRI.png used on input line 288.
(pdftex.def)             Requested size: 150.0pt x 140.96178pt.

No file IROS_2017_Magnetic_hammer.bbl.

** Conference Paper **
Before submitting the final camera ready copy, remember to:

 1. Manually equalize the lengths of two columns on the last page
 of your paper;

 2. Ensure that any PostScript and/or PDF output post-processing
 uses only Type 1 fonts and that every step in the generation
 process uses the US letter (8.5in X 11in) paper size.

[5

 <./figure3-eps-converted-to.pdf> <./tests_in_MRI.png>]
(./IROS_2017_Magnetic_hammer.aux)

LaTeX Warning: There were undefined references.


LaTeX Warning: Label(s) may have changed. Rerun to get cross-references right.

 ) 
Here is how much of TeX's memory you used:
 4914 strings out of 493089
 84764 string characters out of 6134842
 157185 words of memory out of 5000000
 8343 multiletter control sequences out of 15000+600000
 43002 words of font info for 87 fonts, out of 8000000 for 9000
 1141 hyphenation exceptions out of 8191
 51i,13n,27p,1026b,295s stack positions out of 5000i,500n,10000p,200000b,80000s
{/usr/local/texlive/2015/texmf-dist/fonts/enc/dvips/base/8r.enc}</usr/local/t
exlive/2015/texmf-dist/fonts/type1/public/amsfonts/cm/cmbx10.pfb></usr/local/te
xlive/2015/texmf-dist/fonts/type1/public/amsfonts/cm/cmbx7.pfb></usr/local/texl
ive/2015/texmf-dist/fonts/type1/public/amsfonts/cm/cmex10.pfb></usr/local/texli
ve/2015/texmf-dist/fonts/type1/public/amsfonts/cm/cmmi10.pfb></usr/local/texliv
e/2015/texmf-dist/fonts/type1/public/amsfonts/cm/cmmi6.pfb></usr/local/texlive/
2015/texmf-dist/fonts/type1/public/amsfonts/cm/cmmi7.pfb></usr/local/texlive/20
15/texmf-dist/fonts/type1/public/amsfonts/cm/cmmi8.pfb></usr/local/texlive/2015
/texmf-dist/fonts/type1/public/amsfonts/cm/cmr10.pfb></usr/local/texlive/2015/t
exmf-dist/fonts/type1/public/amsfonts/cm/cmr7.pfb></usr/local/texlive/2015/texm
f-dist/fonts/type1/public/amsfonts/cm/cmr8.pfb></usr/local/texlive/2015/texmf-d
ist/fonts/type1/public/amsfonts/cm/cmsy10.pfb></usr/local/texlive/2015/texmf-di
st/fonts/type1/urw/courier/ucrr8a.pfb></usr/local/texlive/2015/texmf-dist/fonts
/type1/urw/times/utmb8a.pfb></usr/local/texlive/2015/texmf-dist/fonts/type1/urw
/times/utmbi8a.pfb></usr/local/texlive/2015/texmf-dist/fonts/type1/urw/times/ut
mr8a.pfb></usr/local/texlive/2015/texmf-dist/fonts/type1/urw/times/utmri8a.pfb>
Output written on IROS_2017_Magnetic_hammer.pdf (5 pages, 997282 bytes).
PDF statistics:
 119 PDF objects out of 1000 (max. 8388607)
 80 compressed objects within 1 object stream
 0 named destinations out of 1000 (max. 500000)
 36 words of extra memory for PDF output out of 10000 (max. 10000000)

